0 info it worked if it ends with ok
1 verbose cli [ 'node', '/usr/local/bin/npm', 'run', 'test' ]
2 info using npm@1.4.28
3 info using node@v0.10.32
4 verbose run-script [ 'pretest', 'test', 'posttest' ]
5 info pretest ripple-payment-quote@0.1.0
6 info test ripple-payment-quote@0.1.0
7 verbose unsafe-perm in lifecycle true
8 info ripple-payment-quote@0.1.0 Failed to exec test script
9 error ripple-payment-quote@0.1.0 test: `npm run build && mocha -R spec build/test/ --timeout 5000`
9 error Exit status 1
10 error Failed at the ripple-payment-quote@0.1.0 test script.
10 error This is most likely a problem with the ripple-payment-quote package,
10 error not with npm itself.
10 error Tell the author that this fails on your system:
10 error     npm run build && mocha -R spec build/test/ --timeout 5000
10 error You can get their info via:
10 error     npm owner ls ripple-payment-quote
10 error There is likely additional logging output above.
11 error System Darwin 13.3.0
12 error command "node" "/usr/local/bin/npm" "run" "test"
13 error cwd /Users/stevenzeiler/github/stevenzeiler/ripple-payment-quote
14 error node -v v0.10.32
15 error npm -v 1.4.28
16 error code ELIFECYCLE
17 verbose exit [ 1, true ]
